2026/05/01 00:59:59 NOTICE: 
Transferred:   	          0 B / 0 B, -, 0 B/s, ETA -
Elapsed time:         0.2s

2026/05/01 01:00:01 NOTICE: 
Transferred:   	   17.699 KiB / 17.699 KiB, 100%, 0 B/s, ETA -
Checks:                 4 / 4, 100%, Listed 11
Transferred:            1 / 1, 100%
Elapsed time:         0.5s

2026/05/01 01:00:04 NOTICE: 
Transferred:   	          0 B / 0 B, -, 0 B/s, ETA -
Checks:               185 / 185, 100%, Listed 388
Elapsed time:         1.2s

2026/05/01 01:00:07 NOTICE: 
Transferred:   	          0 B / 0 B, -, 0 B/s, ETA -
Checks:                34 / 34, 100%, Listed 87
Elapsed time:         1.0s

2026/05/01 01:00:09 NOTICE: 
Transferred:   	          0 B / 0 B, -, 0 B/s, ETA -
Checks:                 9 / 9, 100%, Listed 26
Elapsed time:         0.9s

2026/05/01 01:01:24 NOTICE: 
Transferred:   	          off / off, -, 0 B/s, ETA -
Checks:              4469 / 4469, 100%, Listed 10619
Transferred:            8 / 8, 100%
Elapsed time:      1m13.3s

2026/05/01 01:01:28 NOTICE: 
Transferred:   	          0 B / 0 B, -, 0 B/s, ETA -
Checks:               149 / 149, 100%, Listed 355
Elapsed time:         1.9s

2026/05/01 01:01:31 NOTICE: 
Transferred:   	          0 B / 0 B, -, 0 B/s, ETA -
Checks:                11 / 11, 100%, Listed 32
Elapsed time:         1.0s

2026/05/01 01:01:34 NOTICE: 
Transferred:   	          0 B / 0 B, -, 0 B/s, ETA -
Checks:                 6 / 6, 100%, Listed 14
Elapsed time:         0.6s

2026/05/01 01:01:37 NOTICE: 
Transferred:   	          0 B / 0 B, -, 0 B/s, ETA -
Checks:                22 / 22, 100%, Listed 50
Elapsed time:         0.7s

2026/05/01 01:01:40 NOTICE: 
Transferred:   	          0 B / 0 B, -, 0 B/s, ETA -
Checks:                26 / 26, 100%, Listed 54
Elapsed time:         0.7s

2026/05/01 01:01:43 NOTICE: 
Transferred:   	   27.059 MiB / 27.059 MiB, 100%, 0 B/s, ETA -
Checks:                16 / 16, 100%, Listed 64
Transferred:           21 / 21, 100%
Elapsed time:         0.8s

